\BOOKMARK [0][-]{chapter*.2}{\376\377\000I\000n\000t\000r\000o\000d\000u\000c\000t\000i\000o\000n}{}% 1
\BOOKMARK [1][-]{section.1.1}{\376\377\000C\000o\000n\000f\000i\000g\000u\000r\000a\000t\000i\000o\000n\000\040\000o\000f\000\040\000t\000h\000e\000\040\000R\000a\000s\000p\000b\000e\000r\000r\000y\000\040\000P\000i}{chapter*.2}% 2
\BOOKMARK [1][-]{section.1.2}{\376\377\000W\000e\000b\000c\000a\000m\000\040\000i\000m\000a\000g\000e\000\040\000p\000r\000o\000c\000e\000s\000s\000i\000n\000g}{chapter*.2}% 3
\BOOKMARK [1][-]{section.1.3}{\376\377\000S\000e\000t\000\040\000u\000p\000\040\000o\000f\000\040\000t\000h\000e\000\040\000e\000n\000v\000i\000r\000o\000n\000m\000e\000n\000t}{chapter*.2}% 4
\BOOKMARK [0][-]{chapter*.8}{\376\377\000R\000e\000s\000u\000l\000t\000s}{}% 5
\BOOKMARK [1][-]{section.2.1}{\376\377\000P\000P\000O\0002}{chapter*.8}% 6
\BOOKMARK [1][-]{section.2.2}{\376\377\000Q\000D\000N}{chapter*.8}% 7
\BOOKMARK [1][-]{section.2.3}{\376\377\000C\000o\000n\000c\000l\000u\000s\000i\000o\000n}{chapter*.8}% 8
\BOOKMARK [0][-]{chapter*.12}{\376\377\000A\000p\000p\000e\000n\000d\000i\000x}{}% 9
\BOOKMARK [1][-]{section.3.1}{\376\377\000C\000o\000d\000e\000\040\000o\000n\000\040\000t\000h\000e\000\040\000R\000a\000s\000p\000b\000e\000r\000r\000y\000\040\000P\000i}{chapter*.12}% 10
\BOOKMARK [2][-]{subsection.3.1.1}{\376\377\000s\000e\000r\000v\000e\000r\000.\000p\000y}{section.3.1}% 11
\BOOKMARK [2][-]{subsection.3.1.2}{\376\377\000r\000a\000s\000p\000.\000p\000y}{section.3.1}% 12
\BOOKMARK [1][-]{section.3.2}{\376\377\000C\000o\000d\000e\000\040\000o\000n\000\040\000t\000h\000e\000\040\000P\000C}{chapter*.12}% 13
\BOOKMARK [2][-]{subsection.3.2.1}{\376\377\000n\000e\000t\000w\000o\000r\000k\000.\000p\000y}{section.3.2}% 14
\BOOKMARK [1][-]{section.3.3}{\376\377\000O\000p\000e\000n\000C\000V\000\040\000c\000o\000d\000e}{chapter*.12}% 15
\BOOKMARK [2][-]{subsection.3.3.1}{\376\377\000c\000a\000l\000i\000b\000r\000a\000t\000e\000.\000p\000y}{section.3.3}% 16
\BOOKMARK [2][-]{subsection.3.3.2}{\376\377\000p\000r\000o\000c\000e\000s\000s\000i\000n\000g\000.\000p\000y}{section.3.3}% 17
\BOOKMARK [1][-]{section.3.4}{\376\377\000R\000L\000\040\000f\000r\000a\000m\000e\000w\000o\000r\000k}{chapter*.12}% 18
\BOOKMARK [2][-]{subsection.3.4.1}{\376\377\000e\000n\000v\000i\000r\000o\000n\000m\000e\000n\000t\000.\000p\000y}{section.3.4}% 19
\BOOKMARK [2][-]{subsection.3.4.2}{\376\377\000a\000g\000e\000n\000t\000.\000p\000y}{section.3.4}% 20
